<?xml version="1.0" encoding="UTF-8"?>
<!-- Generated by org.testng.reporters.JUnitReportReporter -->
<testsuite hostname="DESKTOP-J0717HM" failures="0" tests="1" name="testpkg.Meeshotest" time="0.753" errors="0" timestamp="2023-12-16T11:34:33 IST" skipped="0">
  <testcase classname="testpkg.Meeshotest" name="test" time="0.753"/>
  <system-out/>
</testsuite> <!-- testpkg.Meeshotest -->
